0 info it worked if it ends with ok
1 verbose cli [ '/usr/bin/node', '/usr/bin/npm', 'install', 'jshint' ]
2 info using npm@1.2.24
3 info using node@v0.10.9
4 verbose node symlink /usr/bin/node
5 verbose read json /home/fireneslo/html5/Inverty/app/components/bootstrap/package.json
6 verbose from cache /home/fireneslo/html5/Inverty/app/components/bootstrap/package.json
7 verbose readDependencies using package.json deps
8 verbose cache add [ 'jshint', null ]
9 verbose cache add name=undefined spec="jshint" args=["jshint",null]
10 verbose parsed url { protocol: null,
10 verbose parsed url   slashes: null,
10 verbose parsed url   auth: null,
10 verbose parsed url   host: null,
10 verbose parsed url   port: null,
10 verbose parsed url   hostname: null,
10 verbose parsed url   hash: null,
10 verbose parsed url   search: null,
10 verbose parsed url   query: null,
10 verbose parsed url   pathname: 'jshint',
10 verbose parsed url   path: 'jshint',
10 verbose parsed url   href: 'jshint' }
11 silly lockFile da5c03cb-jshint jshint
12 verbose lock jshint /home/fireneslo/.npm/da5c03cb-jshint.lock
13 silly lockFile da5c03cb-jshint jshint
14 silly lockFile da5c03cb-jshint jshint
15 verbose addNamed [ 'jshint', '' ]
16 verbose addNamed [ null, '' ]
17 silly lockFile a02a2468-jshint jshint@
18 verbose lock jshint@ /home/fireneslo/.npm/a02a2468-jshint.lock
19 silly addNameRange { name: 'jshint', range: '', hasData: false }
20 verbose url raw jshint
21 verbose url resolving [ 'https://registry.npmjs.org/', './jshint' ]
22 verbose url resolved https://registry.npmjs.org/jshint
23 info trying registry request attempt 1 at 19:09:08
24 verbose etag "DX0GZ1V447WSI17LCBHHP9WBJ"
25 http GET https://registry.npmjs.org/jshint
26 http 304 https://registry.npmjs.org/jshint
27 silly registry.get cb [ 304,
27 silly registry.get   { server: 'CouchDB/1.3.0 (Erlang OTP/R15B03)',
27 silly registry.get     etag: '"DX0GZ1V447WSI17LCBHHP9WBJ"',
27 silly registry.get     date: 'Sat, 01 Jun 2013 17:09:09 GMT',
27 silly registry.get     'content-length': '0' } ]
28 verbose etag jshint from cache
29 silly addNameRange number 2 { name: 'jshint', range: '', hasData: true }
30 silly addNameRange versions [ 'jshint',
30 silly addNameRange   [ '0.1.8',
30 silly addNameRange     '0.1.9',
30 silly addNameRange     '0.2.0',
30 silly addNameRange     '0.2.1',
30 silly addNameRange     '0.2.2',
30 silly addNameRange     '0.2.3',
30 silly addNameRange     '0.3.0',
30 silly addNameRange     '0.3.1',
30 silly addNameRange     '0.4.0',
30 silly addNameRange     '0.5.0',
30 silly addNameRange     '0.5.1',
30 silly addNameRange     '0.5.2',
30 silly addNameRange     '0.5.3',
30 silly addNameRange     '0.5.4',
30 silly addNameRange     '0.5.5',
30 silly addNameRange     '0.5.6',
30 silly addNameRange     '0.5.7',
30 silly addNameRange     '0.5.8',
30 silly addNameRange     '0.5.9',
30 silly addNameRange     '0.6.0',
30 silly addNameRange     '0.6.1',
30 silly addNameRange     '0.6.2',
30 silly addNameRange     '0.6.3',
30 silly addNameRange     '0.7.0',
30 silly addNameRange     '0.7.1',
30 silly addNameRange     '0.7.2',
30 silly addNameRange     '0.7.3',
30 silly addNameRange     '0.8.0',
30 silly addNameRange     '0.8.1',
30 silly addNameRange     '0.8.2',
30 silly addNameRange     '0.9.0',
30 silly addNameRange     '0.9.1',
30 silly addNameRange     '1.0.0',
30 silly addNameRange     '1.1.0',
30 silly addNameRange     '2.0.0',
30 silly addNameRange     '2.0.1',
30 silly addNameRange     '2.1.0',
30 silly addNameRange     '2.1.1',
30 silly addNameRange     '2.1.2' ] ]
31 verbose addNamed [ 'jshint', '2.1.2' ]
32 verbose addNamed [ '2.1.2', '2.1.2' ]
33 silly lockFile 55ef54c2-jshint-2-1-2 jshint@2.1.2
34 verbose lock jshint@2.1.2 /home/fireneslo/.npm/55ef54c2-jshint-2-1-2.lock
35 silly lockFile f805ae99-pmjs-org-jshint-jshint-2-1-2-tgz https://registry.npmjs.org/jshint/-/jshint-2.1.2.tgz
36 verbose lock https://registry.npmjs.org/jshint/-/jshint-2.1.2.tgz /home/fireneslo/.npm/f805ae99-pmjs-org-jshint-jshint-2-1-2-tgz.lock
37 verbose addRemoteTarball [ 'https://registry.npmjs.org/jshint/-/jshint-2.1.2.tgz',
37 verbose addRemoteTarball   '1fb7b77df7b8620c17d4f807945bb2d24990969e' ]
38 info retry fetch attempt 1 at 19:09:11
39 verbose fetch to= /home/fireneslo/tmp/npm-32663/1370106551858-0.2003518701530993/tmp.tgz
40 http GET https://registry.npmjs.org/jshint/-/jshint-2.1.2.tgz
41 http 200 https://registry.npmjs.org/jshint/-/jshint-2.1.2.tgz
42 verbose tar unpack /home/fireneslo/tmp/npm-32663/1370106551858-0.2003518701530993/tmp.tgz
43 silly lockFile b12db194-51858-0-2003518701530993-package /home/fireneslo/tmp/npm-32663/1370106551858-0.2003518701530993/package
44 verbose lock /home/fireneslo/tmp/npm-32663/1370106551858-0.2003518701530993/package /home/fireneslo/.npm/b12db194-51858-0-2003518701530993-package.lock
45 silly lockFile 2b01d61f-51858-0-2003518701530993-tmp-tgz /home/fireneslo/tmp/npm-32663/1370106551858-0.2003518701530993/tmp.tgz
46 verbose lock /home/fireneslo/tmp/npm-32663/1370106551858-0.2003518701530993/tmp.tgz /home/fireneslo/.npm/2b01d61f-51858-0-2003518701530993-tmp-tgz.lock
47 silly gunzTarPerm modes [ '755', '644' ]
48 silly gunzTarPerm extractEntry package.json
49 silly gunzTarPerm extractEntry .npmignore
50 silly gunzTarPerm extractEntry README.md
51 silly gunzTarPerm extractEntry LICENSE
52 silly gunzTarPerm extractEntry demo.js
53 silly gunzTarPerm extractEntry bin/jshint
54 silly gunzTarPerm extractEntry CONTRIBUTING.md
55 silly gunzTarPerm extractEntry dist/jshint-1.0.0.js
56 silly gunzTarPerm extractEntry dist/jshint-1.1.0.js
57 silly gunzTarPerm extractEntry dist/jshint-2.0.0.js
58 silly gunzTarPerm extractEntry dist/jshint-2.1.0.js
59 silly gunzTarPerm extractEntry dist/jshint-rhino-1.0.0.js
60 silly gunzTarPerm extractEntry dist/jshint-rhino-1.1.0.js
61 silly gunzTarPerm extractEntry dist/jshint-rhino-2.0.0.js
62 silly gunzTarPerm extractEntry dist/jshint-rhino-2.1.0.js
63 silly gunzTarPerm extractEntry dist/jshint-rhino.js
64 silly gunzTarPerm extractEntry dist/jshint.js
65 silly gunzTarPerm extractEntry jshint.json
66 silly gunzTarPerm extractEntry src/cli/cli.js
67 silly gunzTarPerm extractEntry src/platforms/rhino.js
68 silly gunzTarPerm extractEntry src/reporters/checkstyle.js
69 silly gunzTarPerm extractEntry src/reporters/default.js
70 silly gunzTarPerm extractEntry src/reporters/jslint_xml.js
71 silly gunzTarPerm extractEntry src/reporters/non_error.js
72 silly gunzTarPerm extractEntry src/shared/messages.js
73 silly gunzTarPerm extractEntry src/shared/vars.js
74 silly gunzTarPerm extractEntry src/stable/jshint.js
75 silly gunzTarPerm extractEntry src/stable/lex.js
76 silly gunzTarPerm extractEntry src/stable/reg.js
77 silly gunzTarPerm extractEntry src/stable/state.js
78 silly gunzTarPerm extractEntry src/stable/style.js
79 verbose read json /home/fireneslo/tmp/npm-32663/1370106551858-0.2003518701530993/package/package.json
80 warn package.json jshint@2.1.2 No repository field.
81 silly lockFile b12db194-51858-0-2003518701530993-package /home/fireneslo/tmp/npm-32663/1370106551858-0.2003518701530993/package
82 silly lockFile b12db194-51858-0-2003518701530993-package /home/fireneslo/tmp/npm-32663/1370106551858-0.2003518701530993/package
83 silly lockFile 2b01d61f-51858-0-2003518701530993-tmp-tgz /home/fireneslo/tmp/npm-32663/1370106551858-0.2003518701530993/tmp.tgz
84 silly lockFile 2b01d61f-51858-0-2003518701530993-tmp-tgz /home/fireneslo/tmp/npm-32663/1370106551858-0.2003518701530993/tmp.tgz
85 verbose from cache /home/fireneslo/tmp/npm-32663/1370106551858-0.2003518701530993/package/package.json
86 verbose tar pack [ '/home/fireneslo/.npm/jshint/2.1.2/package.tgz',
86 verbose tar pack   '/home/fireneslo/tmp/npm-32663/1370106551858-0.2003518701530993/package' ]
87 verbose tarball /home/fireneslo/.npm/jshint/2.1.2/package.tgz
88 verbose folder /home/fireneslo/tmp/npm-32663/1370106551858-0.2003518701530993/package
89 silly lockFile b12db194-51858-0-2003518701530993-package /home/fireneslo/tmp/npm-32663/1370106551858-0.2003518701530993/package
90 verbose lock /home/fireneslo/tmp/npm-32663/1370106551858-0.2003518701530993/package /home/fireneslo/.npm/b12db194-51858-0-2003518701530993-package.lock
91 silly lockFile 56bf4107-slo-npm-jshint-2-1-2-package-tgz /home/fireneslo/.npm/jshint/2.1.2/package.tgz
92 verbose lock /home/fireneslo/.npm/jshint/2.1.2/package.tgz /home/fireneslo/.npm/56bf4107-slo-npm-jshint-2-1-2-package-tgz.lock
93 silly lockFile b12db194-51858-0-2003518701530993-package /home/fireneslo/tmp/npm-32663/1370106551858-0.2003518701530993/package
94 silly lockFile b12db194-51858-0-2003518701530993-package /home/fireneslo/tmp/npm-32663/1370106551858-0.2003518701530993/package
95 silly lockFile 56bf4107-slo-npm-jshint-2-1-2-package-tgz /home/fireneslo/.npm/jshint/2.1.2/package.tgz
96 silly lockFile 56bf4107-slo-npm-jshint-2-1-2-package-tgz /home/fireneslo/.npm/jshint/2.1.2/package.tgz
97 silly lockFile f805ae99-pmjs-org-jshint-jshint-2-1-2-tgz https://registry.npmjs.org/jshint/-/jshint-2.1.2.tgz
98 silly lockFile f805ae99-pmjs-org-jshint-jshint-2-1-2-tgz https://registry.npmjs.org/jshint/-/jshint-2.1.2.tgz
99 silly lockFile 55ef54c2-jshint-2-1-2 jshint@2.1.2
100 silly lockFile 55ef54c2-jshint-2-1-2 jshint@2.1.2
101 silly lockFile a02a2468-jshint jshint@
102 silly lockFile a02a2468-jshint jshint@
103 error Error: EPERM, chown '/home/fireneslo/.npm/jshint/2.1.2/package.tgz'
103 error  { [Error: EPERM, chown '/home/fireneslo/.npm/jshint/2.1.2/package.tgz']
103 error   errno: 50,
103 error   code: 'EPERM',
103 error   path: '/home/fireneslo/.npm/jshint/2.1.2/package.tgz' }
104 error Please try running this command again as root/Administrator.
105 error System Linux 3.5.0-32-generic
106 error command "/usr/bin/node" "/usr/bin/npm" "install" "jshint"
107 error cwd /home/fireneslo/html5/Inverty/app/components/bootstrap
108 error node -v v0.10.9
109 error npm -v 1.2.24
110 error path /home/fireneslo/.npm/jshint/2.1.2/package.tgz
111 error code EPERM
112 error errno 50
113 error stack Error: EPERM, chown '/home/fireneslo/.npm/jshint/2.1.2/package.tgz'
114 verbose exit [ 50, true ]
